<?xml version="1.0" encoding="UTF-8"?>
<!-- Generated by org.testng.reporters.JUnitXMLReporter -->
<testsuite hostname="Shrihan-PC" ignored="0" name="Automobile Test" tests="3" failures="1" timestamp="2020-03-01T09:14:50 IST" time="0.093" errors="0">
  <testcase name="login" time="0.012" classname="TestNGAnnotations.Automobile">
    <failure type="java.lang.ArithmeticException" message="/ by zero">
      <![CDATA[java.lang.ArithmeticException: / by zero
at TestNGAnnotations.Automobile.login(Automobile.java:88)
at java.util.ArrayList.forEach(Unknown Source)
... Removed 27 stack frames]]>
    </failure>
  </testcase> <!-- login -->
  <testcase name="verifyhomepage" time="0.0" classname="TestNGAnnotations.Automobile">
    <skipped/>
  </testcase> <!-- verifyhomepage -->
  <testcase name="logout" time="0.0" classname="TestNGAnnotations.Automobile">
    <skipped/>
  </testcase> <!-- logout -->
</testsuite> <!-- Automobile Test -->
