<?xml version="1.0" encoding="UTF-8"?>
<!-- Generated by org.testng.reporters.JUnitXMLReporter -->
<testsuite hostname="Shrihan-PC" ignored="0" name="Test" tests="4" failures="1" timestamp="2020-02-29T11:46:58 IST" time="0.142" errors="0">
  <testcase name="login" time="0.021" classname="TestNGAnnotations.FirstTestNGClass">
    <failure type="java.lang.ArithmeticException" message="/ by zero">
      <![CDATA[java.lang.ArithmeticException: / by zero
at TestNGAnnotations.FirstTestNGClass.login(FirstTestNGClass.java:37)
at java.util.ArrayList.forEach(Unknown Source)
... Removed 27 stack frames]]>
    </failure>
  </testcase> <!-- login -->
  <testcase name="verifyhomepage" time="0.0" classname="TestNGAnnotations.FirstTestNGClass">
    <skipped/>
  </testcase> <!-- verifyhomepage -->
  <testcase name="logout" time="0.0" classname="TestNGAnnotations.FirstTestNGClass">
    <skipped/>
  </testcase> <!-- logout -->
  <testcase name="Test1" time="0.002" classname="TestNGAnnotations.SecondTestNGClass"/>
</testsuite> <!-- Test -->
