<?xml version="1.0" encoding="UTF-8"?>
<!-- Generated by org.testng.reporters.JUnitXMLReporter -->
<testsuite hostname="Shrihan-PC" ignored="0" name="Truck Test" tests="3" failures="0" timestamp="2020-03-01T09:14:50 IST" time="0.023" errors="0">
  <testcase name="Test1" time="0.001" classname="TestNGAnnotations.Truck"/>
  <testcase name="Test2" time="0.002" classname="TestNGAnnotations.Truck"/>
  <testcase name="Test3" time="0.001" classname="TestNGAnnotations.Truck"/>
</testsuite> <!-- Truck Test -->
