<?xml version="1.0" encoding="UTF-8"?>
<testng-results skipped="0" failed="0" ignored="0" total="1" passed="1">
  <reporter-output>
  </reporter-output>
  <suite name="Default suite" duration-ms="399" started-at="2020-03-09T14:39:05Z" finished-at="2020-03-09T14:39:06Z">
    <groups>
    </groups>
    <test name="Default test" duration-ms="399" started-at="2020-03-09T14:39:05Z" finished-at="2020-03-09T14:39:06Z">
      <class name="samplepackage.SecondMavenClass">
        <test-method status="PASS" signature="test2()[pri:0, instance:samplepackage.SecondMavenClass@2a5ca609]" name="test2" duration-ms="20" started-at="2020-03-09T20:09:06Z" finished-at="2020-03-09T20:09:06Z">
          <reporter-output>
          </reporter-output>
        </test-method> <!-- test2 -->
      </class> <!-- samplepackage.SecondMavenClass -->
    </test> <!-- Default test -->
  </suite> <!-- Default suite -->
</testng-results>
